<?xml version="1.0" encoding="UTF-8"?>
<testng-results ignored="0" total="1" passed="1" failed="0" skipped="0">
  <reporter-output>
  </reporter-output>
  <suite started-at="2022-08-18T17:37:03 IST" name="Default suite" finished-at="2022-08-18T17:38:48 IST" duration-ms="105498">
    <groups>
    </groups>
    <test started-at="2022-08-18T17:37:03 IST" name="Default test" finished-at="2022-08-18T17:38:48 IST" duration-ms="105498">
      <class name="cqa_Demo.Browser_Launching_Basedon_User_Input">
        <test-method signature="launching_Multiple_Browser()[pri:0, instance:cqa_Demo.Browser_Launching_Basedon_User_Input@2053d869]" started-at="2022-08-18T17:37:03 IST" name="launching_Multiple_Browser" finished-at="2022-08-18T17:38:48 IST" duration-ms="105388" status="PASS">
          <reporter-output>
          </reporter-output>
        </test-method> <!-- launching_Multiple_Browser -->
      </class> <!-- cqa_Demo.Browser_Launching_Basedon_User_Input -->
    </test> <!-- Default test -->
  </suite> <!-- Default suite -->
</testng-results>
